<?xml version="1.0" encoding="UTF-8"?>
<!-- Generated by org.testng.reporters.JUnitXMLReporter -->
<testsuite ignored="0" hostname="LAPTOP-V1EP264I" failures="0" tests="3" name="Regrassion" time="67.53" errors="0" timestamp="2023-07-24T14:32:33 IST">
  <testcase classname="test.LoginTest" name="loginWithValidCredentials" time="0.521"/>
  <testcase classname="test.LoginTest" name="loginWithValidUserNameAndInvalidPassword" time="0.565"/>
  <testcase classname="test.LoginTest" name="loginwithInvalidUserNameAndPassword" time="0.658"/>
</testsuite> <!-- Regrassion -->
